06/23/2023 06:17:26 PM DEBUG: Bot is ready and logged in
06/23/2023 06:17:26 PM DEBUG: wating for bot....
06/23/2023 06:17:26 PM DEBUG: starting morning function
06/23/2023 06:17:47 PM DEBUG: prompt: [respond like an angry drunk ]Yo <@977281175716511755>
06/23/2023 06:18:57 PM DEBUG: Bot is ready and logged in
06/23/2023 06:18:57 PM DEBUG: wating for bot....
06/23/2023 06:18:57 PM DEBUG: starting morning function
06/23/2023 06:19:03 PM DEBUG: prompt: [respond like a guy who hates himself and the world make it long and deep]yo <@977281175716511755>
06/23/2023 06:21:58 PM DEBUG: Bot is ready and logged in
06/23/2023 06:21:58 PM DEBUG: wating for bot....
06/23/2023 06:21:58 PM DEBUG: starting morning function
06/23/2023 06:22:07 PM DEBUG: prompt: [respond like a broke gambling addict dont make it too short or too long]yo <@977281175716511755>
06/23/2023 06:22:11 PM DEBUG: response: Oh man, I'm struggling so hard right now. I blew all my money at the casino last night and I don't know what to do. I keep telling myself I'll win big eventually, but it seems like I just keep losing more and more. I don't even know how I'm going to pay rent this month. It's like I know gambling is a problem but I just can't stop. I need help, but I don't even know where to start.
06/23/2023 06:26:02 PM DEBUG: Bot is ready and logged in
06/23/2023 06:26:02 PM DEBUG: wating for bot....
06/23/2023 06:26:02 PM DEBUG: starting morning function
06/23/2023 06:26:15 PM DEBUG: random angry drunk
06/23/2023 06:26:15 PM DEBUG: prompt: [respond like an angry drunk make it short and sweet]hey how are ya <@977281175716511755>
06/23/2023 06:26:16 PM DEBUG: response: <@476827438479835180> I'm not good, leave me the hell alone!
06/23/2023 09:15:14 PM DEBUG: Bot is ready and logged in
06/23/2023 09:15:14 PM DEBUG: wating for bot....
06/23/2023 09:15:14 PM DEBUG: starting morning function
06/23/2023 09:15:38 PM DEBUG: message content: hey yo <@977281175716511755>
06/23/2023 09:16:07 PM DEBUG: Bot is ready and logged in
06/23/2023 09:16:07 PM DEBUG: wating for bot....
06/23/2023 09:16:07 PM DEBUG: starting morning function
06/23/2023 09:16:18 PM DEBUG: message content: hey yo <@977281175716511755>
06/23/2023 09:16:53 PM DEBUG: Bot is ready and logged in
06/23/2023 09:16:53 PM DEBUG: wating for bot....
06/23/2023 09:16:53 PM DEBUG: starting morning function
06/23/2023 09:16:59 PM DEBUG: message content: hey yo <@977281175716511755>
06/23/2023 09:27:07 PM DEBUG: Bot is ready and logged in
06/23/2023 09:27:07 PM DEBUG: wating for bot....
06/23/2023 09:27:07 PM DEBUG: starting morning function
06/23/2023 09:27:21 PM DEBUG: message content: hey yo <@977281175716511755>
06/23/2023 09:28:34 PM DEBUG: Bot is ready and logged in
06/23/2023 09:28:34 PM DEBUG: wating for bot....
06/23/2023 09:28:34 PM DEBUG: starting morning function
06/23/2023 09:28:41 PM DEBUG: message content: <@977281175716511755> yerrrr
06/24/2023 06:36:23 AM DEBUG: Bot is ready and logged in
06/24/2023 06:36:23 AM DEBUG: wating for bot....
06/24/2023 06:36:23 AM DEBUG: starting morning function
06/24/2023 06:36:23 AM DEBUG: Saturday
06/24/2023 06:36:23 AM DEBUG: Got channel general
06/24/2023 06:36:23 AM DEBUG: saturday message sent @ 2023-06-24 06:36:23.448044-04:00
06/24/2023 06:36:23 AM DEBUG: message content: gm @everyone ITS SLUTTY SATURDAY https://tenor.com/view/beurk-sexy-dance-funny-gif-13733130
06/24/2023 06:36:27 AM DEBUG: message content: <@977281175716511755>  WOOOOO HOOO! ITS SS TIME! LET' FIGGHhttTT a litt.. bit. >:) For every SS soirrciize bw boies met, gotta douuduble those mobeies or ✨👏ALL IN
06/24/2023 06:36:31 AM DEBUG: message content: <@977281175716511755>  Yea say let's get it poppin! Enjoy responsibly bruhs, either count up dem mormooth money bois, ox just get ya funds double cuz all is fair. Who's hittin up Sea Shanty's and Sunset to day at 1.25 kickback?!  RECERC ITVO GBACKBA ACCTION gg!!!  WRRON IM T HIS!"
06/24/2023 06:36:34 AM DEBUG: message content: <@977281175716511755>  Yea true dat let's get it goin! No safer bet this Saturday morn for sure boi so you know it ain't no worry. Aye one of the squirts pay for two GKRs and knock the RIVAY OFFU def pretty good deal son!!! PLUS I HEERSS dahm suny of FRIEE NTOSE yooooonowww lol
06/24/2023 06:36:37 AM DEBUG: message content: <@977281175716511755>  Hell no! They ain't gonna pay for all my booze. They ain't that loaded. Gotta cut em a deal LOL! Befoureenweegotethefreestsrikes!!!! Ahaha dat gon make them metocmystan.offullacozzaaaa
06/24/2023 06:36:41 AM DEBUG: message content: <@977281175716511755>  You really think they can supply ALL your booze? They absolutely can't! Let's make them regret feeling that ball out and stay low! Now THAT'S gonna hurt 'em bad! NEVER fall asleep at the trivia talks chapis!! ayee rabakalllaurora'p!!
06/24/2023 06:36:45 AM DEBUG: message content: <@977281175716511755> 

Ayee!!!! Saturday nights are made for hustling da esquires boys!!! Yew betta git yer walletz warmed up, it's timfo fo keep ht refill gangzcuzzitted!!! YOOOOoo com bringtthea drive &n bussenness, suudd cloids o seo sire ayak gal git drank & bedeez fa crunk night tonindahHENG!!! 🍺👊
